
[ â€‰â€‰â€…â€…UTCâ€…â€…â€‰â€‰ ] Logs for 6n24tccwvdavgjgsdg7ltj.streamlit.app/
â”€â”€â”€â”€â”€â”€â”€â”€â”€â”€â”€â”€â”€â”€â”€â”€â”€â”€â”€â”€â”€â”€â”€â”€â”€â”€â”€â”€â”€â”€â”€â”€â”€â”€â”€â”€â”€â”€â”€â”€â”€â”€â”€â”€â”€â”€â”€â”€â”€â”€â”€â”€â”€â”€â”€â”€â”€â”€â”€â”€â”€â”€â”€â”€â”€â”€â”€â”€â”€â”€â”€â”€â”€â”€â”€â”€â”€â”€â”€â”€â”€â”€â”€â”€â”€â”€â”€â”€
[21:53:30] ğŸ–¥ Provisioning machine...
[21:53:30] ğŸ› Preparing system...
[21:53:30] â›“ Spinning up manager process...
[21:53:25] ğŸš€ Starting up repository: 'dash', branch: 'main', main module: 'dashboard_v2.py'
[21:53:25] ğŸ™ Cloning repository...
[21:53:25] ğŸ™ Cloning into '/mount/src/dash'...

[21:53:25] ğŸ™ Cloned repository!
[21:53:25] ğŸ™ Pulling code changes from Github...
[21:53:26] ğŸ“¦ Processing dependencies...
Check if streamlit is installed
cat: /mount/admin/install_path[2025-03-24 21:53:26.369315] : No such file or directory

â”€â”€â”€â”€â”€â”€â”€â”€â”€â”€â”€â”€â”€â”€â”€â”€â”€â”€â”€â”€â”€â”€â”€â”€â”€â”€â”€â”€â”€â”€â”€â”€ Installing Streamlit â”€â”€â”€â”€â”€â”€â”€â”€â”€â”€â”€â”€â”€â”€â”€â”€â”€â”€â”€â”€â”€â”€â”€â”€â”€â”€â”€â”€â”€â”€â”€â”€â”€â”€

Using uv pip install.
Using Python 3.12.9 environment at /home/adminuser/venv
Resolved 37 packages in 437ms
Prepared 37 packages in 2.53s
Installed 37 packages in 129ms
 + altair==5.5.0
 + attrs==25.3.0
 + blinker==1.9.0
 + cachetools[2025-03-24 21:53:29.568314] ==5.5.2
 + certifi==2025.1.31
 + charset-normalizer==3.4.1
 + click==8.1.8
 + gitdb==4.0.12
 + gitpython==3.1.44
 + idna==3.10
 + jinja2==3.1.6
 + jsonschema==4.23.0
 + jsonschema-specifications==2024.10.1
 + [2025-03-24 21:53:29.569797] markupsafe==3.0.2
 + narwhals==1.32.0
 + numpy==2.2.4
 + packaging==[2025-03-24 21:53:29.570025] 24.2
 + pandas==2.2.3
 + pillow==11.1.0
 + protobuf[2025-03-24 21:53:29.571555] ==5.29.4
 + pyarrow==19.0.1
 + pydeck==0.9.1
 + [2025-03-24 21:53:29.571880] python-dateutil==2.9.0.post0
 + pytz==2025.1
 + referencing==0.36.2
 + requests[2025-03-24 21:53:29.572090] ==2.32.3
 + rpds-py==0.23.1
 + six==1.17.0
 + smmap[2025-03-24 21:53:29.572299] ==5.0.2
 + streamlit==1.43.2
 + tenacity==9.0.0
 + [2025-03-24 21:53:29.572504] toml==0.10.2
 + tornado==6.4.2
 + typing-extensions==4.12.2
 [2025-03-24 21:53:29.572731] + tzdata==2025.2
 + urllib3==2.3.0
 + watchdog[2025-03-24 21:53:29.572932] ==6.0.0

â”€â”€â”€â”€â”€â”€â”€â”€â”€â”€â”€â”€â”€â”€â”€â”€â”€â”€â”€â”€â”€â”€â”€â”€â”€â”€â”€â”€â”€â”€â”€â”€â”€â”€â”€â”€â”€â”€â”€â”€â”€â”€â”€â”€â”€â”€â”€â”€â”€â”€â”€â”€â”€â”€â”€â”€â”€â”€â”€â”€â”€â”€â”€â”€â”€â”€â”€â”€â”€â”€â”€â”€â”€â”€â”€â”€â”€â”€â”€â”€â”€â”€â”€â”€â”€â”€â”€â”€

[21:53:30] ğŸ“¦ Processed dependencies!
cat: /mount/admin/install_path: No such file or directory



2025-03-24 21:53:40.603 Uncaught app execution
Traceback (most recent call last):
  File "/home/adminuser/venv/lib/python3.12/site-packages/streamlit/runtime/scriptrunner/exec_code.py", line 121, in exec_func_with_error_handling
    result = func()
             ^^^^^^
  File "/home/adminuser/venv/lib/python3.12/site-packages/streamlit/runtime/scriptrunner/script_runner.py", line 593, in code_to_exec
    exec(code, module.__dict__)
  File "/mount/src/dash/dashboard_v2.py", line 3, in <module>
    import plotly.express as px
ModuleNotFoundError: No module named 'plotly'
2025-03-24 21:53:40.957 Uncaught app execution
Traceback (most recent call last):
  File "/home/adminuser/venv/lib/python3.12/site-packages/streamlit/runtime/scriptrunner/exec_code.py", line 121, in exec_func_with_error_handling
    result = func()
             ^^^^^^
  File "/home/adminuser/venv/lib/python3.12/site-packages/streamlit/runtime/scriptrunner/script_runner.py", line 593, in code_to_exec
    exec(code, module.__dict__)
  File "/mount/src/dash/dashboard_v2.py", line 3, in <module>
    import plotly.express as px
ModuleNotFoundError: No module named 'plotly'
2025-03-24 21:53:43.505 Uncaught app execution
Traceback (most recent call last):
  File "/home/adminuser/venv/lib/python3.12/site-packages/streamlit/runtime/scriptrunner/exec_code.py", line 121, in exec_func_with_error_handling
    result = func()
             ^^^^^^
  File "/home/adminuser/venv/lib/python3.12/site-packages/streamlit/runtime/scriptrunner/script_runner.py", line 593, in code_to_exec
    exec(code, module.__dict__)
  File "/mount/src/dash/dashboard_v2.py", line 3, in <module>
    import plotly.express as px
ModuleNotFoundError: No module named 'plotly'
[21:54:15] ğŸ™ Pulling code changes from Github...
[21:54:15] ğŸ“¦ Processing dependencies...
[21:54:15] ğŸ“¦ Processed dependencies!
[21:54:17] ğŸ”„ Updated app!
[21:55:00] ğŸ™ Pulling code changes from Github...
[21:55:01] ğŸ“¦ Processing dependencies...

â”€â”€â”€â”€â”€â”€â”€â”€â”€â”€â”€â”€â”€â”€â”€â”€â”€â”€â”€â”€â”€â”€â”€â”€â”€â”€â”€â”€â”€â”€â”€â”€â”€â”€â”€â”€â”€â”€â”€â”€ uv â”€â”€â”€â”€â”€â”€â”€â”€â”€â”€â”€â”€â”€â”€â”€â”€â”€â”€â”€â”€â”€â”€â”€â”€â”€â”€â”€â”€â”€â”€â”€â”€â”€â”€â”€â”€â”€â”€â”€â”€â”€â”€â”€

Using uv pip install.
Using Python 3.12.9 environment at /home/adminuser/venv
Resolved 42 packages in 221ms
Prepared 5 packages in 5.23s
Installed [2025-03-24 21:55:07.745443] 5 packages[2025-03-24 21:55:07.745708]  [2025-03-24 21:55:07.745914] in 786ms[2025-03-24 21:55:07.746098] 
 + patsy==1.0.1
 [2025-03-24 21:55:07.746289] + plotly==6.0.1
 + plotly-express==0.4.1
 + scipy==1.15.2
 [2025-03-24 21:55:07.746486] + statsmodels==0.14.4
Checking if Streamlit is installed
Found Streamlit version 1.43.2 in the environment
Installing rich for an improved exception logging
Using uv pip install.
Using Python 3.12.9 environment at /home/adminuser/venv[2025-03-24 21:55:09.938503] 
Resolved [2025-03-24 21:55:10.092276] 4 packages in 148ms
Prepared 4 packages in 157ms
Installed 4 packages in 28ms
 + markdown-it-py==3.0.0
 + mdurl==0.1.2
 + pygments==2.19.1
 + rich==13.9.4

â”€â”€â”€â”€â”€â”€â”€â”€â”€â”€â”€â”€â”€â”€â”€â”€â”€â”€â”€â”€â”€â”€â”€â”€â”€â”€â”€â”€â”€â”€â”€â”€â”€â”€â”€â”€â”€â”€â”€â”€â”€â”€â”€â”€â”€â”€â”€â”€â”€â”€â”€â”€â”€â”€â”€â”€â”€â”€â”€â”€â”€â”€â”€â”€â”€â”€â”€â”€â”€â”€â”€â”€â”€â”€â”€â”€â”€â”€â”€â”€â”€â”€â”€â”€â”€â”€â”€â”€

[21:55:11] ğŸ Python dependencies were installed from /mount/src/dash/requirements.txt using uv.
[21:55:11] ğŸ“¦ Processed dependencies!
  Stopping...
[21:55:14] ğŸ”Œ Disconnecting...



[21:55:16] ğŸ–¥ Provisioning machine...
[21:55:16] ğŸ› Preparing system...
[21:55:16] â›“ Spinning up manager process...
[21:55:15] ğŸ”„ Updated app!
â”€â”€â”€â”€â”€â”€â”€â”€â”€â”€â”€â”€â”€â”€â”€â”€â”€â”€â”€â”€â”€â”€ Traceback (most recent call last) â”€â”€â”€â”€â”€â”€â”€â”€â”€â”€â”€â”€â”€â”€â”€â”€â”€â”€â”€â”€â”€â”€â”€
  /home/adminuser/venv/lib/python3.12/site-packages/streamlit/runtime/scriptru  
  nner/exec_code.py:121 in exec_func_with_error_handling                        
                                                                                
  /home/adminuser/venv/lib/python3.12/site-packages/streamlit/runtime/scriptru  
  nner/script_runner.py:593 in code_to_exec                                     
                                                                                
  /mount/src/dash/dashboard_v2.py:6 in <module>                                 
                                                                                
      3 import plotly.express as px                                             
      4 from PIL import Image                                                   
      5 import hmac                                                             
  â±   6 import yaml                                                             
      7 from yaml.loader import SafeLoader                                      
      8                                                                         
      9 # Security configurations                                               
â”€â”€â”€â”€â”€â”€â”€â”€â”€â”€â”€â”€â”€â”€â”€â”€â”€â”€â”€â”€â”€â”€â”€â”€â”€â”€â”€â”€â”€â”€â”€â”€â”€â”€â”€â”€â”€â”€â”€â”€â”€â”€â”€â”€â”€â”€â”€â”€â”€â”€â”€â”€â”€â”€â”€â”€â”€â”€â”€â”€â”€â”€â”€â”€â”€â”€â”€â”€â”€â”€â”€â”€â”€â”€â”€â”€â”€â”€â”€â”€
ModuleNotFoundError: No module named 'yaml'
[21:56:04] ğŸ™ Pulling code changes from Github...
[21:56:05] ğŸ“¦ Processing dependencies...

â”€â”€â”€â”€â”€â”€â”€â”€â”€â”€â”€â”€â”€â”€â”€â”€â”€â”€â”€â”€â”€â”€â”€â”€â”€â”€â”€â”€â”€â”€â”€â”€â”€â”€â”€â”€â”€â”€â”€â”€ uv â”€â”€â”€â”€â”€â”€â”€â”€â”€â”€â”€â”€â”€â”€â”€â”€â”€â”€â”€â”€â”€â”€â”€â”€â”€â”€â”€â”€â”€â”€â”€â”€â”€â”€â”€â”€â”€â”€â”€â”€â”€â”€â”€

Using uv pip install.
Using Python 3.12.9 environment at /home/adminuser/venv
  Ã— No solution found when resolving dependencies:
  â•°â”€â–¶ Because hashlib==20081119 was yanked (reason: This was only for Python
      <= 2.4. LONG obsolete) and only hashlib==20081119 is available, we can
      conclude that all versions of hashlib cannot be used.
      And because hmac==20101005 depends on hashlib, we can conclude that
      hmac==20101005 cannot be used.
      And because only hmac==20101005 is available and you require hmac, we
      can conclude that your requirements are unsatisfiable.
Checking if Streamlit is installed
Found Streamlit version 1.43.2 in the environment
Installing rich for an improved exception logging
Using uv pip install.
Using Python 3.12.9 environment at /home/adminuser/venv[2025-03-24 21:56:07.344647] 
Audited 1 package in 6ms

â”€â”€â”€â”€â”€â”€â”€â”€â”€â”€â”€â”€â”€â”€â”€â”€â”€â”€â”€â”€â”€â”€â”€â”€â”€â”€â”€â”€â”€â”€â”€â”€â”€â”€â”€â”€â”€â”€â”€â”€â”€â”€â”€â”€â”€â”€â”€â”€â”€â”€â”€â”€â”€â”€â”€â”€â”€â”€â”€â”€â”€â”€â”€â”€â”€â”€â”€â”€â”€â”€â”€â”€â”€â”€â”€â”€â”€â”€â”€â”€â”€â”€â”€â”€â”€â”€â”€â”€


â”€â”€â”€â”€â”€â”€â”€â”€â”€â”€â”€â”€â”€â”€â”€â”€â”€â”€â”€â”€â”€â”€â”€â”€â”€â”€â”€â”€â”€â”€â”€â”€â”€â”€â”€â”€â”€â”€â”€â”€ pip â”€â”€â”€â”€â”€â”€â”€â”€â”€â”€â”€â”€â”€â”€â”€â”€â”€â”€â”€â”€â”€â”€â”€â”€â”€â”€â”€â”€â”€â”€â”€â”€â”€â”€â”€â”€â”€â”€â”€â”€â”€â”€â”€

Using standard pip install.
Collecting streamlit (from -r /mount/src/dash/requirements.txt (line 1))
  Downloading streamlit-1.43.2-py2.py3-none-any.whl.metadata (8.9 kB)
Collecting pandas (from -r /mount/src/dash/requirements.txt (line 2))
  Downloading pandas-2.2.3-cp312-cp312-manylinux_2_17_x86_64.manylinux2014_x86_64.whl.metadata (89 kB)
     â”â”â”â”â”â”â”â”â”â”â”â”â”â”â”â”â”â”â”â”â”â”â”â”â”â”â”â”â”â”â”â”â”â”â”â”â”â”â”â” 89.9/89.9 kB 3.3 MB/s eta 0:00:00
Collecting numpy (from -r /mount/src/dash/requirements.txt (line 3))
  Downloading numpy-2.2.4-cp312-cp312-manylinux_2_17_x86_64.manylinux2014_x86_64.whl.metadata (62 kB)
     â”â”â”â”â”â”â”â”â”â”â”â”â”â”â”â”â”â”â”â”â”â”â”â”â”â”â”â”â”â”â”â”â”â”â”â”â”â”â”â” 62.0/62.0 kB 35.2 MB/s eta 0:00:00[2025-03-24 21:56:11.176308] 
Collecting plotly (from -r /mount/src/dash/requirements.txt (line 4))
  Downloading plotly-6.0.1-py3-none-any.whl.metadata (6.7 kB)
Collecting plotly-express (from -r /mount/src/dash/requirements.txt (line 5))
  Downloading plotly_express-0.4.1-py2.py3-none-any.whl.metadata (1.7 kB)
Collecting PyYAML (from -r /mount/src/dash/requirements.txt (line 6))
  Downloading PyYAML-6.0.2-cp312-cp312-manylinux_2_17_x86_64.manylinux2014_x86_64.whl.metadata (2.1 kB)
Collecting Pillow (from -r /mount/src/dash/requirements.txt (line 7))
  Downloading pillow-11.1.0-cp312-cp312-manylinux_2_28_x86_64.whl.metadata (9.1 kB)
Collecting hmac (from -r /mount/src/dash/requirements.txt (line 8))
  Downloading hmac-20101005.tar.gz (4.5 kB)
  Installing build dependencies: started
  Installing build dependencies: finished with status 'done'
  Getting requirements to build wheel: started
  Getting requirements to build wheel: finished with status 'done'
  Preparing metadata (pyproject.toml): started
  Preparing metadata (pyproject.toml): finished with status 'done'
Collecting altair<6,>=4.0 (from streamlit->-r /mount/src/dash/requirements.txt (line 1))
  Downloading altair-5.5.0-py3-none-any.whl.metadata (11 kB)
Collecting blinker<2,>=1.0.0 (from streamlit->-r /mount/src/dash/requirements.txt (line 1))
  Downloading blinker-1.9.0-py3-none-any.whl.metadata (1.6 kB)
Collecting cachetools<6,>=4.0 (from streamlit->-r /mount/src/dash/requirements.txt (line 1))
  Downloading cachetools-5.5.2-py3-none-any.whl.metadata (5.4 kB)
Collecting click<9,>=7.0 (from streamlit->-r /mount/src/dash/requirements.txt (line 1))
  Downloading click-8.1.8-py3-none-any.whl.metadata (2.3 kB)
Collecting packaging<25,>=20 (from streamlit->-r /mount/src/dash/requirements.txt (line 1))
  Downloading packaging-24.2-py3-none-any.whl.metadata (3.2 kB)
Collecting protobuf<6,>=3.20 (from streamlit->-r /mount/src/dash/requirements.txt (line 1))
  Downloading protobuf-5.29.4-cp38-abi3-manylinux2014_x86_64.whl.metadata (592 bytes)
Collecting pyarrow>=7.0 (from streamlit->-r /mount/src/dash/requirements.txt (line 1))
  Downloading pyarrow-19.0.1-cp312-cp312-manylinux_2_28_x86_64.whl.metadata (3.3 kB)
Collecting requests<3,>=2.27 (from streamlit->-r /mount/src/dash/requirements.txt (line 1))
  Downloading requests-2.32.3-py3-none-any.whl.metadata (4.6 kB)
Collecting tenacity<10,>=8.1.0 (from streamlit->-r /mount/src/dash/requirements.txt (line 1))
  Downloading tenacity-9.0.0-py3-none-any.whl.metadata (1.2 kB)
Collecting toml<2,>=0.10.1 (from streamlit->-r /mount/src/dash/requirements.txt (line 1))
  Downloading toml-0.10.2-py2.py3-none-any.whl.metadata (7.1 kB)
Collecting typing-extensions<5,>=4.4.0 (from streamlit->-r /mount/src/dash/requirements.txt (line 1))
  Downloading typing_extensions-4.12.2-py3-none-any.whl.metadata (3.0 kB)
Collecting watchdog<7,>=2.1.5 (from streamlit->-r /mount/src/dash/requirements.txt (line 1))
  Downloading watchdog-6.0.0-py3-none-manylinux2014_x86_64.whl.metadata (44 kB)
     â”â”â”â”â”â”â”â”â”â”â”â”â”â”â”â”â”â”â”â”â”â”â”â”â”â”â”â”â”â”â”â”â”â”â”â”â”â”â” 44.3/44.3 kB 115.5 MB/s eta 0:00:00[2025-03-24 21:56:18.043563] 
Collecting gitpython!=3.1.19,<4,>=3.0.7 (from streamlit->-r /mount/src/dash/requirements.txt (line 1))
  Downloading GitPython-3.1.44-py3-none-any.whl.metadata (13 kB)
Collecting pydeck<1,>=0.8.0b4 (from streamlit->-r /mount/src/dash/requirements.txt (line 1))
  Downloading pydeck-0.9.1-py2.py3-none-any.whl.metadata (4.1 kB)
Collecting tornado<7,>=6.0.3 (from streamlit->-r /mount/src/dash/requirements.txt (line 1))
  Downloading tornado-6.4.2-cp38-abi3-manylinux_2_5_x86_64.manylinux1_x86_64.manylinux_2_17_x86_64.manylinux2014_x86_64.whl.metadata (2.5 kB)
Collecting python-dateutil>=2.8.2 (from pandas->-r /mount/src/dash/requirements.txt (line 2))
  Downloading python_dateutil-2.9.0.post0-py2.py3-none-any.whl.metadata (8.4 kB)
Collecting pytz>=2020.1 (from pandas->-r /mount/src/dash/requirements.txt (line 2))
  Downloading pytz-2025.1-py2.py3-none-any.whl.metadata (22 kB)
Collecting tzdata>=2022.7 (from pandas->-r /mount/src/dash/requirements.txt (line 2))
  Downloading tzdata-2025.2-py2.py3-none-any.whl.metadata (1.4 kB)
Collecting narwhals>=1.15.1 (from plotly->-r /mount/src/dash/requirements.txt (line 4))
  Downloading narwhals-1.32.0-py3-none-any.whl.metadata (9.2 kB)
Collecting statsmodels>=0.9.0 (from plotly-express->-r /mount/src/dash/requirements.txt (line 5))
  Downloading statsmodels-0.14.4-cp312-cp312-manylinux_2_17_x86_64.manylinux2014_x86_64.whl.metadata (9.2 kB)
Collecting scipy>=0.18 (from plotly-express->-r /mount/src/dash/requirements.txt (line 5))
  Downloading scipy-1.15.2-cp312-cp312-manylinux_2_17_x86_64.manylinux2014_x86_64.whl.metadata (61 kB)
     â”â”â”â”â”â”â”â”â”â”â”â”â”â”â”â”â”â”â”â”â”â”â”â”â”â”â”â”â”â”â”â”â”â”â”â”â”â”â”â” 62.0/62.0 kB 87.9 MB/s eta 0:00:00[2025-03-24 21:56:19.427193] 
Collecting patsy>=0.5 (from plotly-express->-r /mount/src/dash/requirements.txt (line 5))
  Downloading patsy-1.0.1-py2.py3-none-any.whl.metadata (3.3 kB)
Collecting setuptools (from hmac->-r /mount/src/dash/requirements.txt (line 8))
  Downloading setuptools-78.0.2-py3-none-any.whl.metadata (6.6 kB)
INFO: pip is looking at multiple versions of hmac to determine which version is compatible with other requirements. This could take a while.
ERROR: Ignored the following yanked versions: 20081119
ERROR: Ignored the following versions that require a different python version: 0.10.6 Requires-Python >=2.7, <3.6; 0.10.7 Requires-Python >=2.7, <3.6; 0.55.2 Requires-Python <3.5; 1.10.0 Requires-Python <3.12,>=3.8; 1.10.0rc1 Requires-Python <3.12,>=3.8; 1.10.0rc2 Requires-Python <3.12,>=3.8; 1.10.1 Requires-Python <3.12,>=3.8; 1.21.2 Requires-Python >=3.7,<3.11; 1.21.3 Requires-Python >=3.7,<3.11; 1.21.4 Requires-Python >=3.7,<3.11; 1.21.5 Requires-Python >=3.7,<3.11; 1.21.6 Requires-Python >=3.7,<3.11; 1.6.2 Requires-Python >=3.7,<3.10; 1.6.3 Requires-Python >=3.7,<3.10; 1.7.0 Requires-Python >=3.7,<3.10; 1.7.1 Requires-Python >=3.7,<3.10; 1.7.2 Requires-Python >=3.7,<3.11; 1.7.3 Requires-Python >=3.7,<3.11; 1.8.0 Requires-Python >=3.8,<3.11; 1.8.0rc1 Requires-Python >=3.8,<3.11; 1.8.0rc2 Requires-Python >=3.8,<3.11; 1.8.0rc3 Requires-Python >=3.8,<3.11; 1.8.0rc4 Requires-Python >=3.8,<3.11; 1.8.1 Requires-Python >=3.8,<3.11; 1.9.0 Requires-Python >=3.8,<3.12; 1.9.0rc1 Requires-Python >=3.8,<3.12; 1.9.0rc2 Requires-Python >=3.8,<3.12; 1.9.0rc3 Requires-Python >=3.8,<3.12; 1.9.1 Requires-Python >=3.8,<3.12
ERROR: Could not find a version that satisfies the requirement hashlib (from hmac) (from versions: none)
ERROR: No matching distribution found for hashlib

[notice] A new release of pip is available: 24.0 -> 25.0.1
[notice] To update, run: pip install --upgrade pip
Checking if Streamlit is installed
Found Streamlit version 1.43.2 in the environment
Installing rich for an improved exception logging
Using standard pip install.
Collecting rich>=10.14.0
  Downloading rich-13.9.4-py3-none-any.whl.metadata (18 kB)
Collecting markdown-it-py>=2.2.0 (from rich>=10.14.0)
  Downloading markdown_it_py-3.0.0-py3-none-any.whl.metadata (6.9 kB)
Collecting pygments<3.0.0,>=2.13.0 (from rich>=10.14.0)
  Downloading pygments-2.19.1-py3-none-any.whl.metadata (2.5 kB)
Collecting mdurl~=0.1 (from markdown-it-py>=2.2.0->rich>=10.14.0)
  Downloading mdurl-0.1.2-py3-none-any.whl.metadata (1.6 kB)
Downloading rich-13.9.4-py3-none-any.whl (242 kB)
   â”â”â”â”â”â”â”â”â”â”â”â”â”â”â”â”â”â”â”â”â”â”â”â”â”â”â”â”â”â”â”â”â”â”â”â”â”â”â”â” 242.4/242.4 kB 17.9 MB/s eta 0:00:00[2025-03-24 21:56:23.789882] 
Downloading markdown_it_py-3.0.0-py3-none-any.whl (87 kB)
   â”â”â”â”â”â”â”â”â”â”â”â”â”â”â”â”â”â”â”â”â”â”â”â”â”â”â”â”â”â”â”â”â”â”â”â”â”â”â”â” 87.5/87.5 kB 129.3 MB/s eta 0:00:00
Downloading pygments-2.19.1-py3-none-any.whl (1.2 MB)
   â”â”â”â”â”â”â”â”â”â”â”â”â”â”â”â”â”â”â”â”â”â”â”â”â”â”â”â”â”â”â”â”â”â”â”â”â”â”â”â” 1.2/1.2 MB 89.1 MB/s eta 0:00:00
Downloading mdurl-0.1.2-py3-none-any.whl (10.0 kB)
Installing collected packages: pygments, mdurl, markdown-it-py, rich
  Attempting uninstall: pygments
    Found existing installation: Pygments 2.19.1
    Uninstalling Pygments-2.19.1:
      Successfully uninstalled Pygments-2.19.1
  Attempting uninstall: mdurl
    Found existing installation: mdurl 0.1.2
    Uninstalling mdurl-0.1.2:
      Successfully uninstalled mdurl-0.1.2
  Attempting uninstall: markdown-it-py
    Found existing installation: markdown-it-py 3.0.0
    Uninstalling markdown-it-py-3.0.0:
      Successfully uninstalled markdown-it-py-3.0.0
  Attempting uninstall: rich
    Found existing installation: rich 13.9.4
    Uninstalling rich-13.9.4:
      Successfully uninstalled rich-13.9.4
Successfully installed markdown-it-py-3.0.0 mdurl-0.1.2 pygments-2.19.1 rich-13.9.4

[notice] A new release of pip is available: 24.0 -> 25.0.1
[notice] To update, run: pip install --upgrade pip

â”€â”€â”€â”€â”€â”€â”€â”€â”€â”€â”€â”€â”€â”€â”€â”€â”€â”€â”€â”€â”€â”€â”€â”€â”€â”€â”€â”€â”€â”€â”€â”€â”€â”€â”€â”€â”€â”€â”€â”€â”€â”€â”€â”€â”€â”€â”€â”€â”€â”€â”€â”€â”€â”€â”€â”€â”€â”€â”€â”€â”€â”€â”€â”€â”€â”€â”€â”€â”€â”€â”€â”€â”€â”€â”€â”€â”€â”€â”€â”€â”€â”€â”€â”€â”€â”€â”€â”€

[21:56:28] â—ï¸ installer returned a non-zero exit code